d:\github\sdl_tutorial\sdl3_base\tmp\sdl3_basex64debug\vc143.pdb
d:\github\sdl_tutorial\sdl3_base\tmp\sdl3_basex64debug\vc143.idb
d:\github\sdl_tutorial\sdl3_base\tmp\sdl3_basex64debug\rendermanager.obj
c:\users\adrianpovillpena\documents\github\sdl_tutorial\sdl3_base\tmp\sdl3_basex64debug\vc143.pdb
c:\users\adrianpovillpena\documents\github\sdl_tutorial\sdl3_base\tmp\sdl3_basex64debug\vc143.idb
c:\users\adrianpovillpena\documents\github\sdl_tutorial\sdl3_base\tmp\sdl3_basex64debug\rendermanager.obj
c:\users\adrianpovillpena\documents\github\sdl_tutorial\sdl3_base\tmp\sdl3_basex64debug\main.obj
c:\users\adrianpovillpena\documents\github\sdl_tutorial\sdl3_base\tmp\sdl3_basex64debug\game.obj
c:\users\adrianpovillpena\documents\github\sdl_tutorial\sdl3_base\tmp\sdl3_basex64debug\inputmanager.obj
d:\github\sdl_tutorial\sdl3_base\tmp\sdl3_basex64debug\sdl3_base.ilk
d:\github\sdl_tutorial\sdl3_base\binaries\x64debug\sdl3_base.exe
d:\github\sdl_tutorial\sdl3_base\binaries\x64debug\sdl3_base.pdb
c:\users\adrianpovillpena\documents\github\sdl_tutorial\sdl3_base\tmp\sdl3_basex64debug\sdl3_base.ilk
c:\users\adrianpovillpena\documents\github\sdl_tutorial\sdl3_base\\binaries\x64debug\sdl3_base.pdb
c:\users\adrianpovillpena\documents\github\sdl_tutorial\sdl3_base\binaries\x64debug\sdl3_base.exe
c:\users\adrianpovillpena\documents\github\sdl_tutorial\sdl3_base\\tmp\sdl3_basex64debug\sdl3_base.vcxproj.filelistabsolute.txt
c:\users\adrianpovillpena\documents\github\sdl_tutorial\sdl3_base\tmp\sdl3_basex64debug\sdl3_base.tlog\cl.command.1.tlog
c:\users\adrianpovillpena\documents\github\sdl_tutorial\sdl3_base\tmp\sdl3_basex64debug\sdl3_base.tlog\cl.read.1.tlog
c:\users\adrianpovillpena\documents\github\sdl_tutorial\sdl3_base\tmp\sdl3_basex64debug\sdl3_base.tlog\cl.write.1.tlog
c:\users\adrianpovillpena\documents\github\sdl_tutorial\sdl3_base\tmp\sdl3_basex64debug\sdl3_base.tlog\link.command.1.tlog
c:\users\adrianpovillpena\documents\github\sdl_tutorial\sdl3_base\tmp\sdl3_basex64debug\sdl3_base.tlog\link.read.1.tlog
c:\users\adrianpovillpena\documents\github\sdl_tutorial\sdl3_base\tmp\sdl3_basex64debug\sdl3_base.tlog\link.write.1.tlog
